<?xml version="1.0" encoding="UTF-8"?>
<!-- Generated by org.testng.reporters.JUnitReportReporter -->
<testsuite skipped="0" hostname="USER" name="test_cases.Login_page" tests="2" failures="0" timestamp="30 May 2019 08:12:22 GMT" time="3.380" errors="0">
  <testcase name="login_page" time="1.849" classname="test_cases.Login_page"/>
  <testcase name="login_page" time="1.531" classname="test_cases.Login_page"/>
</testsuite> <!-- test_cases.Login_page -->
