<?xml version="1.0" encoding="UTF-8"?>
<!-- Generated by org.testng.reporters.JUnitReportReporter -->
<testsuite skipped="0" hostname="USER" name="web.swipBox.test_cases.EmailLogin" tests="2" failures="0" timestamp="30 May 2019 18:25:14 GMT" time="4.288" errors="0">
  <testcase name="emailLogin" time="1.912" classname="web.swipBox.test_cases.EmailLogin"/>
  <testcase name="emailLogin" time="2.376" classname="web.swipBox.test_cases.EmailLogin"/>
</testsuite> <!-- web.swipBox.test_cases.EmailLogin -->
