<?xml version="1.0" encoding="UTF-8"?>
<!-- Generated by org.testng.reporters.JUnitReportReporter -->
<testsuite hostname="Kalims-MacBook-Pro.local" failures="0" tests="1" name="test_cases.login_call" time="11.382" errors="0" timestamp="23 May 2019 08:07:32 GMT" skipped="0">
  <testcase classname="test_cases.login_call" name="test_call" time="11.382"/>
</testsuite> <!-- test_cases.login_call -->
