<?xml version="1.0" encoding="UTF-8"?>
<!-- Generated by org.testng.reporters.JUnitReportReporter -->
<testsuite hostname="USER" name="web.swipBox.test_cases.EmailLogin" tests="1" failures="0" timestamp="10 Jun 2019 05:32:52 GMT" time="9.200" errors="0">
  <testcase name="emailLogin" time="9.200" classname="web.swipBox.test_cases.EmailLogin"/>
</testsuite> <!-- web.swipBox.test_cases.EmailLogin -->
