<?xml version="1.0" encoding="UTF-8"?>
<!-- Generated by org.testng.reporters.JUnitReportReporter -->
<testsuite hostname="USER" name="web.swipBox.test_cases.EmailLogin" tests="1" failures="0" timestamp="31 May 2019 05:35:53 GMT" time="5.440" errors="0">
  <testcase name="emailLogin" time="5.440" classname="web.swipBox.test_cases.EmailLogin"/>
</testsuite> <!-- web.swipBox.test_cases.EmailLogin -->
